[debug] [2024-10-20T09:37:38.959Z] ----------------------------------------------------------------------
[debug] [2024-10-20T09:37:38.962Z] Command:       C:\Program Files\nodejs\node.exe C:\Users\fisz1\AppData\Roaming\npm\node_modules\firebase-tools\lib\bin\firebase.js init
[debug] [2024-10-20T09:37:38.962Z] CLI Version:   13.22.1
[debug] [2024-10-20T09:37:38.962Z] Platform:      win32
[debug] [2024-10-20T09:37:38.962Z] Node Version:  v20.12.0
[debug] [2024-10-20T09:37:38.962Z] Time:          Sun Oct 20 2024 16:37:38 GMT+0700 (Western Indonesia Time)
[debug] [2024-10-20T09:37:38.962Z] ----------------------------------------------------------------------
[debug] 
[debug] [2024-10-20T09:37:38.965Z] >>> [apiv2][query] GET https://firebase-public.firebaseio.com/cli.json [none]
[debug] [2024-10-20T09:37:39.027Z] > command requires scopes: ["email","openid","https://www.googleapis.com/auth/cloudplatformprojects.readonly","https://www.googleapis.com/auth/firebase","https://www.googleapis.com/auth/cloud-platform"]
[debug] [2024-10-20T09:37:39.028Z] > authorizing via signed-in user (dirajadanu@gmail.com)
[info] 
     ######## #### ########  ######## ########     ###     ######  ########
     ##        ##  ##     ## ##       ##     ##  ##   ##  ##       ##
     ######    ##  ########  ######   ########  #########  ######  ######
     ##        ##  ##    ##  ##       ##     ## ##     ##       ## ##
     ##       #### ##     ## ######## ########  ##     ##  ######  ########

You're about to initialize a Firebase project in this directory:

  C:\Users\fisz1\OneDrive\Documents\api_flutter_hbd

[debug] [2024-10-20T09:37:39.590Z] <<< [apiv2][status] GET https://firebase-public.firebaseio.com/cli.json 200
[debug] [2024-10-20T09:37:39.590Z] <<< [apiv2][body] GET https://firebase-public.firebaseio.com/cli.json {"cloudBuildErrorAfter":1594252800000,"cloudBuildWarnAfter":1590019200000,"defaultNode10After":1594252800000,"minVersion":"3.0.5","node8DeploysDisabledAfter":1613390400000,"node8RuntimeDisabledAfter":1615809600000,"node8WarnAfter":1600128000000}
[info] 
=== Project Setup
[info] 
[info] First, let's associate this project directory with a Firebase project.
[info] You can create multiple project aliases by running firebase use --add, 
[info] but for now we'll just set up a default project.
[info] 
[debug] [2024-10-20T09:37:52.031Z] Checked if tokens are valid: false, expires at: 1713090770265
[debug] [2024-10-20T09:37:52.031Z] Checked if tokens are valid: false, expires at: 1713090770265
[debug] [2024-10-20T09:37:52.031Z] > refreshing access token with scopes: []
[debug] [2024-10-20T09:37:52.032Z] >>> [apiv2][query] POST https://www.googleapis.com/oauth2/v3/token [none]
[debug] [2024-10-20T09:37:52.032Z] >>> [apiv2][body] POST https://www.googleapis.com/oauth2/v3/token [omitted]
[debug] [2024-10-20T09:37:52.300Z] <<< [apiv2][status] POST https://www.googleapis.com/oauth2/v3/token 400
[debug] [2024-10-20T09:37:52.300Z] <<< [apiv2][body] POST https://www.googleapis.com/oauth2/v3/token [omitted]
[debug] [2024-10-20T09:37:52.301Z] >>> [apiv2][query] GET https://firebase.googleapis.com/v1beta1/projects pageSize=100
[debug] [2024-10-20T09:37:52.569Z] <<< [apiv2][status] GET https://firebase.googleapis.com/v1beta1/projects 401
[debug] [2024-10-20T09:37:52.570Z] <<< [apiv2][body] GET https://firebase.googleapis.com/v1beta1/projects [omitted]
[debug] [2024-10-20T09:37:52.570Z] Got a 401 Unauthenticated error for a call that required authentication. Refreshing tokens.
[debug] [2024-10-20T09:37:52.570Z] Checked if tokens are valid: false, expires at: 1713090770265
[debug] [2024-10-20T09:37:52.570Z] Checked if tokens are valid: false, expires at: 1713090770265
[debug] [2024-10-20T09:37:52.570Z] > refreshing access token with scopes: []
[debug] [2024-10-20T09:37:52.570Z] >>> [apiv2][query] POST https://www.googleapis.com/oauth2/v3/token [none]
[debug] [2024-10-20T09:37:52.570Z] >>> [apiv2][body] POST https://www.googleapis.com/oauth2/v3/token [omitted]
[debug] [2024-10-20T09:37:52.623Z] <<< [apiv2][status] POST https://www.googleapis.com/oauth2/v3/token 400
[debug] [2024-10-20T09:37:52.623Z] <<< [apiv2][body] POST https://www.googleapis.com/oauth2/v3/token [omitted]
[debug] [2024-10-20T09:37:52.624Z] HTTP Error: 401, Request had invalid authentication credentials. Expected OAuth 2 access token, login cookie or other valid authentication credential. See https://developers.google.com/identity/sign-in/web/devconsole-project.
[debug] [2024-10-20T09:37:52.809Z] FirebaseError: HTTP Error: 401, Request had invalid authentication credentials. Expected OAuth 2 access token, login cookie or other valid authentication credential. See https://developers.google.com/identity/sign-in/web/devconsole-project.
    at responseToError (C:\Users\fisz1\AppData\Roaming\npm\node_modules\firebase-tools\lib\responseToError.js:49:12)
    at RetryOperation._fn (C:\Users\fisz1\AppData\Roaming\npm\node_modules\firebase-tools\lib\apiv2.js:312:77)
    at process.processTicksAndRejections (node:internal/process/task_queues:95:5)
[error] 
[error] Error: Failed to list Firebase projects. See firebase-debug.log for more info.
[debug] [2024-10-20T09:38:00.676Z] ----------------------------------------------------------------------
[debug] [2024-10-20T09:38:00.680Z] Command:       C:\Program Files\nodejs\node.exe C:\Users\fisz1\AppData\Roaming\npm\node_modules\firebase-tools\lib\bin\firebase.js init
[debug] [2024-10-20T09:38:00.680Z] CLI Version:   13.22.1
[debug] [2024-10-20T09:38:00.680Z] Platform:      win32
[debug] [2024-10-20T09:38:00.680Z] Node Version:  v20.12.0
[debug] [2024-10-20T09:38:00.681Z] Time:          Sun Oct 20 2024 16:38:00 GMT+0700 (Western Indonesia Time)
[debug] [2024-10-20T09:38:00.681Z] ----------------------------------------------------------------------
[debug] 
[debug] [2024-10-20T09:38:00.689Z] > command requires scopes: ["email","openid","https://www.googleapis.com/auth/cloudplatformprojects.readonly","https://www.googleapis.com/auth/firebase","https://www.googleapis.com/auth/cloud-platform"]
[debug] [2024-10-20T09:38:00.689Z] > authorizing via signed-in user (dirajadanu@gmail.com)
[info] 
     ######## #### ########  ######## ########     ###     ######  ########
     ##        ##  ##     ## ##       ##     ##  ##   ##  ##       ##
     ######    ##  ########  ######   ########  #########  ######  ######
     ##        ##  ##    ##  ##       ##     ## ##     ##       ## ##
     ##       #### ##     ## ######## ########  ##     ##  ######  ########

You're about to initialize a Firebase project in this directory:

  C:\Users\fisz1\OneDrive\Documents\api_flutter_hbd

[info] 
=== Project Setup
[info] 
[info] First, let's associate this project directory with a Firebase project.
[info] You can create multiple project aliases by running firebase use --add, 
[info] but for now we'll just set up a default project.
[info] 
[debug] [2024-10-20T09:38:15.700Z] Checked if tokens are valid: false, expires at: 1713090770265
[debug] [2024-10-20T09:38:15.702Z] Checked if tokens are valid: false, expires at: 1713090770265
[debug] [2024-10-20T09:38:15.703Z] > refreshing access token with scopes: []
[debug] [2024-10-20T09:38:15.706Z] >>> [apiv2][query] POST https://www.googleapis.com/oauth2/v3/token [none]
[debug] [2024-10-20T09:38:15.706Z] >>> [apiv2][body] POST https://www.googleapis.com/oauth2/v3/token [omitted]
[debug] [2024-10-20T09:38:16.052Z] <<< [apiv2][status] POST https://www.googleapis.com/oauth2/v3/token 400
[debug] [2024-10-20T09:38:16.052Z] <<< [apiv2][body] POST https://www.googleapis.com/oauth2/v3/token [omitted]
[debug] [2024-10-20T09:38:16.053Z] >>> [apiv2][query] GET https://firebase.googleapis.com/v1beta1/projects pageSize=100
[debug] [2024-10-20T09:38:16.599Z] <<< [apiv2][status] GET https://firebase.googleapis.com/v1beta1/projects 401
[debug] [2024-10-20T09:38:16.599Z] <<< [apiv2][body] GET https://firebase.googleapis.com/v1beta1/projects [omitted]
[debug] [2024-10-20T09:38:16.599Z] Got a 401 Unauthenticated error for a call that required authentication. Refreshing tokens.
[debug] [2024-10-20T09:38:16.600Z] Checked if tokens are valid: false, expires at: 1713090770265
[debug] [2024-10-20T09:38:16.600Z] Checked if tokens are valid: false, expires at: 1713090770265
[debug] [2024-10-20T09:38:16.600Z] > refreshing access token with scopes: []
[debug] [2024-10-20T09:38:16.601Z] >>> [apiv2][query] POST https://www.googleapis.com/oauth2/v3/token [none]
[debug] [2024-10-20T09:38:16.601Z] >>> [apiv2][body] POST https://www.googleapis.com/oauth2/v3/token [omitted]
[debug] [2024-10-20T09:38:16.760Z] <<< [apiv2][status] POST https://www.googleapis.com/oauth2/v3/token 400
[debug] [2024-10-20T09:38:16.760Z] <<< [apiv2][body] POST https://www.googleapis.com/oauth2/v3/token [omitted]
[debug] [2024-10-20T09:38:16.761Z] HTTP Error: 401, Request had invalid authentication credentials. Expected OAuth 2 access token, login cookie or other valid authentication credential. See https://developers.google.com/identity/sign-in/web/devconsole-project.
[debug] [2024-10-20T09:38:16.875Z] FirebaseError: HTTP Error: 401, Request had invalid authentication credentials. Expected OAuth 2 access token, login cookie or other valid authentication credential. See https://developers.google.com/identity/sign-in/web/devconsole-project.
    at responseToError (C:\Users\fisz1\AppData\Roaming\npm\node_modules\firebase-tools\lib\responseToError.js:49:12)
    at RetryOperation._fn (C:\Users\fisz1\AppData\Roaming\npm\node_modules\firebase-tools\lib\apiv2.js:312:77)
    at process.processTicksAndRejections (node:internal/process/task_queues:95:5)
[error] 
[error] Error: Failed to list Firebase projects. See firebase-debug.log for more info.
